2024-07-22 01:18:33,012 INFO o.a.j.u.JMeterUtils: Setting Locale to en_EN
2024-07-22 01:18:33,032 INFO o.a.j.JMeter: Loading user properties from: /home/devops0/bibliotheque/apache-jmeter-5.6.3/bin/user.properties
2024-07-22 01:18:33,032 INFO o.a.j.JMeter: Loading system properties from: /home/devops0/bibliotheque/apache-jmeter-5.6.3/bin/system.properties
2024-07-22 01:18:33,037 INFO o.a.j.JMeter: Copyright (c) 1998-2024 The Apache Software Foundation
2024-07-22 01:18:33,037 INFO o.a.j.JMeter: Version 5.6.3
2024-07-22 01:18:33,037 INFO o.a.j.JMeter: java.version=17.0.11
2024-07-22 01:18:33,037 INFO o.a.j.JMeter: java.vm.name=OpenJDK 64-Bit Server VM
2024-07-22 01:18:33,037 INFO o.a.j.JMeter: os.name=Linux
2024-07-22 01:18:33,037 INFO o.a.j.JMeter: os.arch=amd64
2024-07-22 01:18:33,038 INFO o.a.j.JMeter: os.version=5.15.0-101-generic
2024-07-22 01:18:33,038 INFO o.a.j.JMeter: file.encoding=UTF-8
2024-07-22 01:18:33,038 INFO o.a.j.JMeter: java.awt.headless=null
2024-07-22 01:18:33,038 INFO o.a.j.JMeter: Max memory     =1073741824
2024-07-22 01:18:33,038 INFO o.a.j.JMeter: Available Processors =4
2024-07-22 01:18:33,047 INFO o.a.j.JMeter: Default Locale=English (EN)
2024-07-22 01:18:33,047 INFO o.a.j.JMeter: JMeter  Locale=English (EN)
2024-07-22 01:18:33,047 INFO o.a.j.JMeter: JMeterHome=/home/devops0/bibliotheque/apache-jmeter-5.6.3
2024-07-22 01:18:33,048 INFO o.a.j.JMeter: user.dir  =/home/devops0/bibliotheque
2024-07-22 01:18:33,048 INFO o.a.j.JMeter: PWD       =/home/devops0/bibliotheque
2024-07-22 01:18:33,101 INFO o.a.j.JMeter: IP: 172.16.20.25 Name: srvdevops6 FullName: srvdevops6
2024-07-22 01:18:33,114 INFO o.a.j.JMeter: Loaded icon properties from org/apache/jmeter/images/icon.properties
2024-07-22 01:18:34,731 INFO o.a.j.JMeterGuiLauncher: Setting LAF to: laf:javax.swing.plaf.metal.MetalLookAndFeel
2024-07-22 01:22:06,166 INFO o.a.j.p.h.s.HTTPSamplerBase: Parser for text/html is org.apache.jmeter.protocol.http.parser.LagartoBasedHtmlParser
2024-07-22 01:22:06,167 INFO o.a.j.p.h.s.HTTPSamplerBase: Parser for application/xhtml+xml is org.apache.jmeter.protocol.http.parser.LagartoBasedHtmlParser
2024-07-22 01:22:06,167 INFO o.a.j.p.h.s.HTTPSamplerBase: Parser for application/xml is org.apache.jmeter.protocol.http.parser.LagartoBasedHtmlParser
2024-07-22 01:22:06,167 INFO o.a.j.p.h.s.HTTPSamplerBase: Parser for text/xml is org.apache.jmeter.protocol.http.parser.LagartoBasedHtmlParser
2024-07-22 01:22:06,168 INFO o.a.j.p.h.s.HTTPSamplerBase: Parser for text/vnd.wap.wml is org.apache.jmeter.protocol.http.parser.RegexpHTMLParser
2024-07-22 01:22:06,168 INFO o.a.j.p.h.s.HTTPSamplerBase: Parser for text/css is org.apache.jmeter.protocol.http.parser.CssParser
2024-07-22 01:30:25,376 INFO o.a.j.s.SampleResult: Note: Sample TimeStamps are START times
2024-07-22 01:30:25,376 INFO o.a.j.s.SampleResult: sampleresult.default.encoding is set to UTF-8
2024-07-22 01:30:25,376 INFO o.a.j.s.SampleResult: sampleresult.useNanoTime=true
2024-07-22 01:30:25,377 INFO o.a.j.s.SampleResult: sampleresult.nanoThreadSleep=5000
2024-07-22 01:39:51,086 INFO o.a.j.e.StandardJMeterEngine: Running the test!
2024-07-22 01:39:51,087 INFO o.a.j.s.SampleEvent: List of sample_variables: []
2024-07-22 01:39:51,087 INFO o.a.j.s.SampleEvent: List of sample_variables: []
2024-07-22 01:39:51,088 INFO o.a.j.e.u.CompoundVariable: Note: Function class names must contain the string: '.functions.'
2024-07-22 01:39:51,088 INFO o.a.j.e.u.CompoundVariable: Note: Function class names must not contain the string: '.gui.'
2024-07-22 01:39:51,128 INFO o.a.j.g.u.JMeterMenuBar: setRunning(true, *local*)
2024-07-22 01:39:51,252 INFO o.a.j.e.StandardJMeterEngine: Starting ThreadGroup: 1 : Thread Group
2024-07-22 01:39:51,253 INFO o.a.j.e.StandardJMeterEngine: Starting 1 threads for group Thread Group.
2024-07-22 01:39:51,253 INFO o.a.j.e.StandardJMeterEngine: Thread will continue on error
2024-07-22 01:39:51,253 INFO o.a.j.t.ThreadGroup: Starting thread group... number=1 threads=1 ramp-up=1 delayedStart=false
2024-07-22 01:39:51,255 INFO o.a.j.t.ThreadGroup: Started thread group number 1
2024-07-22 01:39:51,255 INFO o.a.j.e.StandardJMeterEngine: All thread groups have been started
2024-07-22 01:39:51,255 INFO o.a.j.t.JMeterThread: Thread started: Thread Group 1-1
2024-07-22 01:39:51,265 INFO o.a.j.p.h.s.HTTPHCAbstractImpl: Local host = srvdevops6
2024-07-22 01:39:51,270 INFO o.a.j.p.h.s.HTTPHC4Impl: HTTP request retry count = 0
2024-07-22 01:39:51,548 INFO o.a.j.t.JMeterThread: Thread is done: Thread Group 1-1
2024-07-22 01:39:51,549 INFO o.a.j.t.JMeterThread: Thread finished: Thread Group 1-1
2024-07-22 01:39:51,549 INFO o.a.j.e.StandardJMeterEngine: Notifying test listeners of end of test
2024-07-22 01:39:51,550 INFO o.a.j.s.FileServer: Default base='/home/devops0/bibliotheque'
2024-07-22 01:39:51,551 INFO o.a.j.g.u.JMeterMenuBar: setRunning(false, *local*)
2024-07-22 01:40:49,133 INFO o.a.j.s.FileServer: Set new base='/home/devops0/bibliotheque'
2024-07-22 01:40:49,297 INFO o.a.j.s.SaveService: Testplan (JMX) version: 2.2. Testlog (JTL) version: 2.2
2024-07-22 01:40:49,304 INFO o.a.j.s.SaveService: Using SaveService properties version 5.0
2024-07-22 01:40:49,305 INFO o.a.j.s.SaveService: Using SaveService properties file encoding UTF-8
2024-07-22 01:40:49,327 INFO o.a.j.e.StandardJMeterEngine: Running the test!
2024-07-22 01:40:49,328 INFO o.a.j.s.SampleEvent: List of sample_variables: []
2024-07-22 01:40:49,328 INFO o.a.j.g.u.JMeterMenuBar: setRunning(true, *local*)
2024-07-22 01:40:49,374 INFO o.a.j.e.StandardJMeterEngine: Starting ThreadGroup: 1 : Thread Group
2024-07-22 01:40:49,374 INFO o.a.j.e.StandardJMeterEngine: Starting 1 threads for group Thread Group.
2024-07-22 01:40:49,374 INFO o.a.j.e.StandardJMeterEngine: Thread will continue on error
2024-07-22 01:40:49,374 INFO o.a.j.t.ThreadGroup: Starting thread group... number=1 threads=1 ramp-up=1 delayedStart=false
2024-07-22 01:40:49,375 INFO o.a.j.t.ThreadGroup: Started thread group number 1
2024-07-22 01:40:49,375 INFO o.a.j.e.StandardJMeterEngine: All thread groups have been started
2024-07-22 01:40:49,375 INFO o.a.j.t.JMeterThread: Thread started: Thread Group 1-1
2024-07-22 01:40:49,387 INFO o.a.j.t.JMeterThread: Thread is done: Thread Group 1-1
2024-07-22 01:40:49,387 INFO o.a.j.t.JMeterThread: Thread finished: Thread Group 1-1
2024-07-22 01:40:49,387 INFO o.a.j.e.StandardJMeterEngine: Notifying test listeners of end of test
2024-07-22 01:40:49,387 INFO o.a.j.g.u.JMeterMenuBar: setRunning(false, *local*)
2024-07-22 01:40:52,672 INFO o.a.j.e.StandardJMeterEngine: Running the test!
2024-07-22 01:40:52,672 INFO o.a.j.s.SampleEvent: List of sample_variables: []
2024-07-22 01:40:52,673 INFO o.a.j.g.u.JMeterMenuBar: setRunning(true, *local*)
2024-07-22 01:40:52,699 INFO o.a.j.e.StandardJMeterEngine: Starting ThreadGroup: 1 : Thread Group
2024-07-22 01:40:52,700 INFO o.a.j.e.StandardJMeterEngine: Starting 1 threads for group Thread Group.
2024-07-22 01:40:52,700 INFO o.a.j.e.StandardJMeterEngine: Thread will continue on error
2024-07-22 01:40:52,700 INFO o.a.j.t.ThreadGroup: Starting thread group... number=1 threads=1 ramp-up=1 delayedStart=false
2024-07-22 01:40:52,701 INFO o.a.j.t.ThreadGroup: Started thread group number 1
2024-07-22 01:40:52,701 INFO o.a.j.e.StandardJMeterEngine: All thread groups have been started
2024-07-22 01:40:52,701 INFO o.a.j.t.JMeterThread: Thread started: Thread Group 1-1
2024-07-22 01:40:52,707 INFO o.a.j.t.JMeterThread: Thread is done: Thread Group 1-1
2024-07-22 01:40:52,707 INFO o.a.j.t.JMeterThread: Thread finished: Thread Group 1-1
2024-07-22 01:40:52,707 INFO o.a.j.e.StandardJMeterEngine: Notifying test listeners of end of test
2024-07-22 01:40:52,708 INFO o.a.j.g.u.JMeterMenuBar: setRunning(false, *local*)
2024-07-22 01:47:06,749 INFO o.a.j.e.StandardJMeterEngine: Running the test!
2024-07-22 01:47:06,750 INFO o.a.j.s.SampleEvent: List of sample_variables: []
2024-07-22 01:47:06,750 INFO o.a.j.g.u.JMeterMenuBar: setRunning(true, *local*)
2024-07-22 01:47:06,777 INFO o.a.j.e.StandardJMeterEngine: Starting ThreadGroup: 1 : Thread Group
2024-07-22 01:47:06,777 INFO o.a.j.e.StandardJMeterEngine: Starting 1 threads for group Thread Group.
2024-07-22 01:47:06,777 INFO o.a.j.e.StandardJMeterEngine: Thread will continue on error
2024-07-22 01:47:06,777 INFO o.a.j.t.ThreadGroup: Starting thread group... number=1 threads=1 ramp-up=1 delayedStart=false
2024-07-22 01:47:06,777 INFO o.a.j.t.ThreadGroup: Started thread group number 1
2024-07-22 01:47:06,778 INFO o.a.j.e.StandardJMeterEngine: All thread groups have been started
2024-07-22 01:47:06,778 INFO o.a.j.t.JMeterThread: Thread started: Thread Group 1-1
2024-07-22 01:47:06,788 INFO o.a.j.t.JMeterThread: Thread is done: Thread Group 1-1
2024-07-22 01:47:06,788 INFO o.a.j.t.JMeterThread: Thread finished: Thread Group 1-1
2024-07-22 01:47:06,788 INFO o.a.j.e.StandardJMeterEngine: Notifying test listeners of end of test
2024-07-22 01:47:06,788 INFO o.a.j.g.u.JMeterMenuBar: setRunning(false, *local*)
2024-07-22 01:47:16,023 INFO o.a.j.e.StandardJMeterEngine: Running the test!
2024-07-22 01:47:16,024 INFO o.a.j.s.SampleEvent: List of sample_variables: []
2024-07-22 01:47:16,024 INFO o.a.j.g.u.JMeterMenuBar: setRunning(true, *local*)
2024-07-22 01:47:16,051 INFO o.a.j.e.StandardJMeterEngine: Starting ThreadGroup: 1 : Thread Group
2024-07-22 01:47:16,051 INFO o.a.j.e.StandardJMeterEngine: Starting 1 threads for group Thread Group.
2024-07-22 01:47:16,051 INFO o.a.j.e.StandardJMeterEngine: Thread will continue on error
2024-07-22 01:47:16,051 INFO o.a.j.t.ThreadGroup: Starting thread group... number=1 threads=1 ramp-up=1 delayedStart=false
2024-07-22 01:47:16,052 INFO o.a.j.t.ThreadGroup: Started thread group number 1
2024-07-22 01:47:16,052 INFO o.a.j.e.StandardJMeterEngine: All thread groups have been started
2024-07-22 01:47:16,052 INFO o.a.j.t.JMeterThread: Thread started: Thread Group 1-1
2024-07-22 01:47:16,059 INFO o.a.j.t.JMeterThread: Thread is done: Thread Group 1-1
2024-07-22 01:47:16,059 INFO o.a.j.t.JMeterThread: Thread finished: Thread Group 1-1
2024-07-22 01:47:16,059 INFO o.a.j.e.StandardJMeterEngine: Notifying test listeners of end of test
2024-07-22 01:47:16,059 INFO o.a.j.g.u.JMeterMenuBar: setRunning(false, *local*)
2024-07-22 01:50:32,580 INFO o.a.j.e.StandardJMeterEngine: Running the test!
2024-07-22 01:50:32,581 INFO o.a.j.s.SampleEvent: List of sample_variables: []
2024-07-22 01:50:32,582 INFO o.a.j.g.u.JMeterMenuBar: setRunning(true, *local*)
2024-07-22 01:50:32,615 INFO o.a.j.e.StandardJMeterEngine: Starting ThreadGroup: 1 : Thread Group
2024-07-22 01:50:32,616 INFO o.a.j.e.StandardJMeterEngine: Starting 1 threads for group Thread Group.
2024-07-22 01:50:32,616 INFO o.a.j.e.StandardJMeterEngine: Thread will continue on error
2024-07-22 01:50:32,616 INFO o.a.j.t.ThreadGroup: Starting thread group... number=1 threads=1 ramp-up=1 delayedStart=false
2024-07-22 01:50:32,616 INFO o.a.j.t.ThreadGroup: Started thread group number 1
2024-07-22 01:50:32,617 INFO o.a.j.e.StandardJMeterEngine: All thread groups have been started
2024-07-22 01:50:32,617 INFO o.a.j.t.JMeterThread: Thread started: Thread Group 1-1
2024-07-22 01:50:32,627 INFO o.a.j.t.JMeterThread: Thread is done: Thread Group 1-1
2024-07-22 01:50:32,628 INFO o.a.j.t.JMeterThread: Thread finished: Thread Group 1-1
2024-07-22 01:50:32,628 INFO o.a.j.e.StandardJMeterEngine: Notifying test listeners of end of test
2024-07-22 01:50:32,628 INFO o.a.j.g.u.JMeterMenuBar: setRunning(false, *local*)
2024-07-22 01:52:17,224 INFO o.a.j.e.StandardJMeterEngine: Running the test!
2024-07-22 01:52:17,225 INFO o.a.j.s.SampleEvent: List of sample_variables: []
2024-07-22 01:52:17,225 INFO o.a.j.g.u.JMeterMenuBar: setRunning(true, *local*)
2024-07-22 01:52:17,259 INFO o.a.j.e.StandardJMeterEngine: Starting ThreadGroup: 1 : Thread Group
2024-07-22 01:52:17,259 INFO o.a.j.e.StandardJMeterEngine: Starting 1 threads for group Thread Group.
2024-07-22 01:52:17,259 INFO o.a.j.e.StandardJMeterEngine: Thread will continue on error
2024-07-22 01:52:17,259 INFO o.a.j.t.ThreadGroup: Starting thread group... number=1 threads=1 ramp-up=1 delayedStart=false
2024-07-22 01:52:17,260 INFO o.a.j.t.ThreadGroup: Started thread group number 1
2024-07-22 01:52:17,260 INFO o.a.j.e.StandardJMeterEngine: All thread groups have been started
2024-07-22 01:52:17,260 INFO o.a.j.t.JMeterThread: Thread started: Thread Group 1-1
2024-07-22 01:52:17,288 INFO o.a.j.t.JMeterThread: Thread is done: Thread Group 1-1
2024-07-22 01:52:17,288 INFO o.a.j.t.JMeterThread: Thread finished: Thread Group 1-1
2024-07-22 01:52:17,288 INFO o.a.j.e.StandardJMeterEngine: Notifying test listeners of end of test
2024-07-22 01:52:17,289 INFO o.a.j.g.u.JMeterMenuBar: setRunning(false, *local*)
2024-07-22 01:57:48,200 INFO o.a.j.e.StandardJMeterEngine: Running the test!
2024-07-22 01:57:48,201 INFO o.a.j.s.SampleEvent: List of sample_variables: []
2024-07-22 01:57:48,203 INFO o.a.j.g.u.JMeterMenuBar: setRunning(true, *local*)
2024-07-22 01:57:48,246 INFO o.a.j.e.StandardJMeterEngine: Starting ThreadGroup: 1 : Thread Group
2024-07-22 01:57:48,247 INFO o.a.j.e.StandardJMeterEngine: Starting 1 threads for group Thread Group.
2024-07-22 01:57:48,247 INFO o.a.j.e.StandardJMeterEngine: Thread will continue on error
2024-07-22 01:57:48,247 INFO o.a.j.t.ThreadGroup: Starting thread group... number=1 threads=1 ramp-up=1 delayedStart=false
2024-07-22 01:57:48,248 INFO o.a.j.t.ThreadGroup: Started thread group number 1
2024-07-22 01:57:48,248 INFO o.a.j.e.StandardJMeterEngine: All thread groups have been started
2024-07-22 01:57:48,248 INFO o.a.j.t.JMeterThread: Thread started: Thread Group 1-1
2024-07-22 01:57:48,307 INFO o.a.j.t.JMeterThread: Thread is done: Thread Group 1-1
2024-07-22 01:57:48,307 INFO o.a.j.t.JMeterThread: Thread finished: Thread Group 1-1
2024-07-22 01:57:48,307 INFO o.a.j.e.StandardJMeterEngine: Notifying test listeners of end of test
2024-07-22 01:57:48,308 INFO o.a.j.g.u.JMeterMenuBar: setRunning(false, *local*)
2024-07-22 01:59:36,860 INFO o.a.j.e.StandardJMeterEngine: Running the test!
2024-07-22 01:59:36,860 INFO o.a.j.s.SampleEvent: List of sample_variables: []
2024-07-22 01:59:36,861 INFO o.a.j.g.u.JMeterMenuBar: setRunning(true, *local*)
2024-07-22 01:59:36,925 INFO o.a.j.e.StandardJMeterEngine: Starting ThreadGroup: 1 : Thread Group
2024-07-22 01:59:36,925 INFO o.a.j.e.StandardJMeterEngine: Starting 1 threads for group Thread Group.
2024-07-22 01:59:36,925 INFO o.a.j.e.StandardJMeterEngine: Thread will continue on error
2024-07-22 01:59:36,925 INFO o.a.j.t.ThreadGroup: Starting thread group... number=1 threads=1 ramp-up=1 delayedStart=false
2024-07-22 01:59:36,926 INFO o.a.j.t.ThreadGroup: Started thread group number 1
2024-07-22 01:59:36,926 INFO o.a.j.e.StandardJMeterEngine: All thread groups have been started
2024-07-22 01:59:36,926 INFO o.a.j.t.JMeterThread: Thread started: Thread Group 1-1
2024-07-22 01:59:36,966 INFO o.a.j.t.JMeterThread: Thread is done: Thread Group 1-1
2024-07-22 01:59:36,966 INFO o.a.j.t.JMeterThread: Thread finished: Thread Group 1-1
2024-07-22 01:59:36,967 INFO o.a.j.e.StandardJMeterEngine: Notifying test listeners of end of test
2024-07-22 01:59:36,967 INFO o.a.j.g.u.JMeterMenuBar: setRunning(false, *local*)
2024-07-22 02:02:58,517 INFO o.a.j.e.StandardJMeterEngine: Running the test!
2024-07-22 02:02:58,518 INFO o.a.j.s.SampleEvent: List of sample_variables: []
2024-07-22 02:02:58,518 INFO o.a.j.g.u.JMeterMenuBar: setRunning(true, *local*)
2024-07-22 02:02:58,556 INFO o.a.j.e.StandardJMeterEngine: Starting ThreadGroup: 1 : Thread Group
2024-07-22 02:02:58,556 INFO o.a.j.e.StandardJMeterEngine: Starting 1 threads for group Thread Group.
2024-07-22 02:02:58,556 INFO o.a.j.e.StandardJMeterEngine: Thread will continue on error
2024-07-22 02:02:58,556 INFO o.a.j.t.ThreadGroup: Starting thread group... number=1 threads=1 ramp-up=1 delayedStart=false
2024-07-22 02:02:58,557 INFO o.a.j.t.ThreadGroup: Started thread group number 1
2024-07-22 02:02:58,557 INFO o.a.j.e.StandardJMeterEngine: All thread groups have been started
2024-07-22 02:02:58,557 INFO o.a.j.t.JMeterThread: Thread started: Thread Group 1-1
2024-07-22 02:02:58,595 INFO o.a.j.t.JMeterThread: Thread is done: Thread Group 1-1
2024-07-22 02:02:58,595 INFO o.a.j.t.JMeterThread: Thread finished: Thread Group 1-1
2024-07-22 02:02:58,596 INFO o.a.j.e.StandardJMeterEngine: Notifying test listeners of end of test
2024-07-22 02:02:58,596 INFO o.a.j.g.u.JMeterMenuBar: setRunning(false, *local*)
2024-07-22 02:03:12,066 INFO o.a.j.e.StandardJMeterEngine: Running the test!
2024-07-22 02:03:12,067 INFO o.a.j.s.SampleEvent: List of sample_variables: []
2024-07-22 02:03:12,067 INFO o.a.j.g.u.JMeterMenuBar: setRunning(true, *local*)
2024-07-22 02:03:12,104 INFO o.a.j.e.StandardJMeterEngine: Starting ThreadGroup: 1 : Thread Group
2024-07-22 02:03:12,105 INFO o.a.j.e.StandardJMeterEngine: Starting 1 threads for group Thread Group.
2024-07-22 02:03:12,105 INFO o.a.j.e.StandardJMeterEngine: Thread will continue on error
2024-07-22 02:03:12,105 INFO o.a.j.t.ThreadGroup: Starting thread group... number=1 threads=1 ramp-up=1 delayedStart=false
2024-07-22 02:03:12,105 INFO o.a.j.t.ThreadGroup: Started thread group number 1
2024-07-22 02:03:12,105 INFO o.a.j.e.StandardJMeterEngine: All thread groups have been started
2024-07-22 02:03:12,106 INFO o.a.j.t.JMeterThread: Thread started: Thread Group 1-1
2024-07-22 02:03:12,140 INFO o.a.j.t.JMeterThread: Thread is done: Thread Group 1-1
2024-07-22 02:03:12,140 INFO o.a.j.t.JMeterThread: Thread finished: Thread Group 1-1
2024-07-22 02:03:12,141 INFO o.a.j.e.StandardJMeterEngine: Notifying test listeners of end of test
2024-07-22 02:03:12,141 INFO o.a.j.g.u.JMeterMenuBar: setRunning(false, *local*)
2024-07-22 02:08:02,843 INFO o.a.j.s.FileServer: Set new base='/home/devops0/bibliotheque'
